<?xml version="1.0" encoding="UTF-8"?>
<!-- Generated by org.testng.reporters.JUnitXMLReporter -->
<testsuite hostname="DESKTOP-FLR99R7" ignored="0" tests="0" failures="0" timestamp="2019-12-25T21:39:21 IST" time="0.172" errors="0">
  <testcase name="@BeforeTest startReport" time="-1.577290161041E9" classname="NewTest">
    <failure type="org.testng.TestNGException" message="
Parameter &amp;apos;Windows&amp;apos; is required by BeforeTest on method startReport but has not been marked @Optional or defined
in F:\java\Extentreport\src\test\java\Test">
      <![CDATA[org.testng.TestNGException: 
Parameter 'Windows' is required by BeforeTest on method startReport but has not been marked @Optional or defined
in F:\java\Extentreport\src\test\java\Test
... Removed 21 stack frames]]>
    </failure>
  </testcase> <!-- @BeforeTest startReport -->
  <testcase name="@AfterTest tearDown" time="-1.577290161187E9" classname="NewTest">
    <skipped/>
  </testcase> <!-- @AfterTest tearDown -->
</testsuite>
